#
# A fatal error has been detected by the Java Runtime Environment:
#
#  SIGSEGV (0xb) at pc=0x0000000108c03c30, pid=1925, tid=19203
#
# JRE version: Java(TM) SE Runtime Environment (8.0_51-b16) (build 1.8.0_51-b16)
# Java VM: Java HotSpot(TM) 64-Bit Server VM (25.51-b03 mixed mode bsd-amd64 compressed oops)
# Problematic frame:
# V  [libjvm.dylib+0x432c30]
#
# Failed to write core dump. Core dumps have been disabled. To enable core dumping, try "ulimit -c unlimited" before starting Java again
#
# If you would like to submit a bug report, please visit:
#   http://bugreport.java.com/bugreport/crash.jsp
#

---------------  T H R E A D  ---------------

Current thread (0x00007fc119009000):  JavaThread "JDWP Transport Listener: dt_socket" daemon [_thread_in_vm, id=19203, stack(0x0000700000f47000,0x0000700001047000)]

siginfo: si_signo: 11 (SIGSEGV), si_code: 0 (unknown), si_addr: 0x0000000000000000

Registers:
RAX=0x0000000000000001, RBX=0x0000700001046a8b, RCX=0x0000000108fcb190, RDX=0x0000700001046a8b
RSP=0x00007000010469d0, RBP=0x00007000010469e0, RSI=0x00007fc119009000, RDI=0x200000000000001b
R8 =0x0000000000000000, R9 =0x00007fc118616000, R10=0x0000000019f674c7, R11=0x00007fc118600000
R12=0x00007fc119009000, R13=0x200000000000001b, R14=0x200000000000001b, R15=0x00007fc1184001f0
RIP=0x0000000108c03c30, EFLAGS=0x0000000000010206, ERR=0x0000000000000000
  TRAPNO=0x000000000000000d

Top of Stack: (sp=0x00007000010469d0)
0x00007000010469d0:   0000700001046a8b 0000700001046a8b
0x00007000010469e0:   0000700001046a40 0000000108b13f8e
0x00007000010469f0:   00007fc119009000 0000000000000000
0x0000700001046a00:   0000000000000000 0000000000000000
0x0000700001046a10:   00007fc119009000 00007fc119009000
0x0000700001046a20:   0000700001046a8b 0000700001046a90
0x0000700001046a30:   200000000000001b 0000000000000005
0x0000700001046a40:   0000700001046a60 00000001097a2780
0x0000700001046a50:   0000000000000001 0000700001046b08
0x0000700001046a60:   0000700001046ad0 00000001097871f3
0x0000700001046a70:   0000700001046aa0 00007fc118617110
0x0000700001046a80:   0000000600000032 0000000800046b08
0x0000700001046a90:   0000000000000000 0000000000000000
0x0000700001046aa0:   0000000000000000 0000700001046c90
0x0000700001046ab0:   00000001097a9e7a 00007fc1184097d0
0x0000700001046ac0:   0000700001046b08 00000001097b5598
0x0000700001046ad0:   0000700001046ae0 00000001097872ec
0x0000700001046ae0:   0000700001046d00 0000000109790898
0x0000700001046af0:   00000fe500000013 00000000000f0200
0x0000700001046b00:   00007fc118408fe0 00007fc118617883
0x0000700001046b10:   00007fc100000255 00007fc1186171c0
0x0000700001046b20:   000000000000012c 0000700001046b58
0x0000700001046b30:   00007fc1186171c0 0000000000000000
0x0000700001046b40:   00000fe500000030 00007fff0000bc80
0x0000700001046b50:   0000700001046b58 c17f000006000000
0x0000700001046b60:   0600000060ba811a 00003e74696e693c
0x0000700001046b70:   0000005629280300 7f00000100000000
0x0000700001046b80:   00000070ba811ac1 0000006e69616d04
0x0000700001046b90:   6176616a4c5b2816 74532f676e616c2f
0x0000700001046ba0:   0056293b676e6972 0009000000000000
0x0000700001046bb0:   0078ba811ac17f00 6e69617274050000
0x0000700001046bc0:   706f4c2859000000 696d6974704f2f74 

Instructions: (pc=0x0000000108c03c30)
0x0000000108c03c10:   40 48 48 85 c0 75 e0 30 c0 0f b6 c0 5d c3 31 c0
0x0000000108c03c20:   5d c3 55 48 89 e5 53 48 83 ec 08 48 85 ff 74 24
0x0000000108c03c30:   48 8b 1f 48 85 db 74 1c 48 83 fb 37 74 16 48 8b
0x0000000108c03c40:   03 48 89 df ff 50 10 84 c0 b8 00 00 00 00 48 0f 

Register to memory mapping:

RAX=0x0000000000000001 is an unknown value
RBX=0x0000700001046a8b is pointing into the stack for thread: 0x00007fc119009000
RCX=0x0000000108fcb190: UseMembar+0 in /Library/Java/JavaVirtualMachines/jdk1.8.0_51.jdk/Contents/Home/jre/lib/server/libjvm.dylib at 0x00000001087d1000
RDX=0x0000700001046a8b is pointing into the stack for thread: 0x00007fc119009000
RSP=0x00007000010469d0 is pointing into the stack for thread: 0x00007fc119009000
RBP=0x00007000010469e0 is pointing into the stack for thread: 0x00007fc119009000
RSI=0x00007fc119009000 is a thread
RDI=0x200000000000001b is an unknown value
R8 =0x0000000000000000 is an unknown value
R9 =0x00007fc118616000 is an unknown value
R10=0x0000000019f674c7 is an unknown value
R11=0x00007fc118600000 is an unknown value
R12=0x00007fc119009000 is a thread
R13=0x200000000000001b is an unknown value
R14=0x200000000000001b is an unknown value
R15=0x00007fc1184001f0 is an unknown value


Stack: [0x0000700000f47000,0x0000700001047000],  sp=0x00007000010469d0,  free space=1022k
Native frames: (J=compiled Java code, j=interpreted, Vv=VM code, C=native code)
V  [libjvm.dylib+0x432c30]
V  [libjvm.dylib+0x342f8e]
C  [libjdwp.dylib+0x20780]  isMethodSynthetic+0x63
C  [libjdwp.dylib+0x51f3]  methods1+0x10b
C  [libjdwp.dylib+0x52ec]  methodsWithGeneric+0xe
C  [libjdwp.dylib+0xe898]  debugLoop_run+0x1ce
C  [libjdwp.dylib+0x1f6ba]  attachThread+0x4d
V  [libjvm.dylib+0x383f3c]
V  [libjvm.dylib+0x549a6f]
V  [libjvm.dylib+0x54b160]
V  [libjvm.dylib+0x46e99e]
C  [libsystem_pthread.dylib+0x399d]  _pthread_body+0x83
C  [libsystem_pthread.dylib+0x391a]  _pthread_body+0x0
C  [libsystem_pthread.dylib+0x1351]  thread_start+0xd
C  0x0000000000000000


---------------  P R O C E S S  ---------------

Java Threads: ( => current thread )
  0x00007fc11b003000 JavaThread "Service Thread" daemon [_thread_blocked, id=22787, stack(0x000070000165c000,0x000070000175c000)]
  0x00007fc11a034000 JavaThread "C1 CompilerThread3" daemon [_thread_blocked, id=22275, stack(0x0000700001559000,0x0000700001659000)]
  0x00007fc11c00a000 JavaThread "C2 CompilerThread2" daemon [_thread_blocked, id=21763, stack(0x0000700001456000,0x0000700001556000)]
  0x00007fc11c008800 JavaThread "C2 CompilerThread1" daemon [_thread_blocked, id=21251, stack(0x0000700001353000,0x0000700001453000)]
  0x00007fc11880b800 JavaThread "C2 CompilerThread0" daemon [_thread_blocked, id=20739, stack(0x0000700001250000,0x0000700001350000)]
  0x00007fc11b833800 JavaThread "JDWP Command Reader" daemon [_thread_in_native, id=20227, stack(0x000070000114d000,0x000070000124d000)]
  0x00007fc11c813000 JavaThread "JDWP Event Helper Thread" daemon [_thread_blocked, id=19715, stack(0x000070000104a000,0x000070000114a000)]
=>0x00007fc119009000 JavaThread "JDWP Transport Listener: dt_socket" daemon [_thread_in_vm, id=19203, stack(0x0000700000f47000,0x0000700001047000)]
  0x00007fc11880b000 JavaThread "Signal Dispatcher" daemon [_thread_blocked, id=14863, stack(0x0000700000e44000,0x0000700000f44000)]
  0x00007fc11c004800 JavaThread "Finalizer" daemon [_thread_blocked, id=14339, stack(0x0000700000c3b000,0x0000700000d3b000)]
  0x00007fc11c003800 JavaThread "Reference Handler" daemon [_thread_blocked, id=13827, stack(0x0000700000b38000,0x0000700000c38000)]
  0x00007fc119802000 JavaThread "main" [_thread_blocked, id=5891, stack(0x000070000011a000,0x000070000021a000)]

Other Threads:
  0x00007fc118804800 VMThread [stack: 0x0000700000a35000,0x0000700000b35000] [id=13315]
  0x00007fc11a035000 WatcherThread [stack: 0x000070000175f000,0x000070000185f000] [id=23299]

VM state:not at safepoint (normal execution)

VM Mutex/Monitor currently owned by a thread: None

Heap:
 PSYoungGen      total 76288K, used 5243K [0x000000076ab00000, 0x0000000770000000, 0x00000007c0000000)
  eden space 65536K, 8% used [0x000000076ab00000,0x000000076b01ec70,0x000000076eb00000)
  from space 10752K, 0% used [0x000000076f580000,0x000000076f580000,0x0000000770000000)
  to   space 10752K, 0% used [0x000000076eb00000,0x000000076eb00000,0x000000076f580000)
 ParOldGen       total 175104K, used 0K [0x00000006c0000000, 0x00000006cab00000, 0x000000076ab00000)
  object space 175104K, 0% used [0x00000006c0000000,0x00000006c0000000,0x00000006cab00000)
 Metaspace       used 4925K, capacity 5984K, committed 6144K, reserved 1056768K
  class space    used 428K, capacity 464K, committed 512K, reserved 1048576K

Card table byte_map: [0x0000000119bc0000,0x000000011a3c1000] byte_map_base: 0x00000001165c0000

Marking Bits: (ParMarkBitMap*) 0x00000001090937a0
 Begin Bits: [0x000000011a917000, 0x000000011e917000)
 End Bits:   [0x000000011e917000, 0x0000000122917000)

Polling page: 0x0000000109781000

CodeCache: size=245760Kb used=1222Kb max_used=1222Kb free=244537Kb
 bounds [0x000000010a800000, 0x000000010aa70000, 0x0000000119800000]
 total_blobs=326 nmethods=81 adapters=167
 compilation: enabled

Compilation events (10 events):
Event: 0.260 Thread 0x00007fc11a034000   77       3       java.io.UnixFileSystem::normalize (75 bytes)
Event: 0.261 Thread 0x00007fc11a034000 nmethod 77 0x000000010a92f850 code [0x000000010a92fa20, 0x000000010a9300c8]
Event: 0.262 Thread 0x00007fc11a034000   79       3       java.lang.StringBuilder::append (8 bytes)
Event: 0.262 Thread 0x00007fc11a034000 nmethod 79 0x000000010a92ed50 code [0x000000010a92eee0, 0x000000010a92f268]
Event: 0.262 Thread 0x00007fc11a034000   78       3       java.lang.AbstractStringBuilder::append (29 bytes)
Event: 0.262 Thread 0x00007fc11a034000 nmethod 78 0x000000010a930ad0 code [0x000000010a930c40, 0x000000010a930f68]
Event: 33.982 Thread 0x00007fc11a034000   80       3       java.lang.StringBuilder::toString (17 bytes)
Event: 33.983 Thread 0x00007fc11a034000 nmethod 80 0x000000010a9314d0 code [0x000000010a931640, 0x000000010a931848]
Event: 34.828 Thread 0x00007fc11a034000   81       3       java.lang.StringBuilder::<init> (7 bytes)
Event: 34.828 Thread 0x00007fc11a034000 nmethod 81 0x000000010a931910 code [0x000000010a931a80, 0x000000010a931d30]

GC Heap History (0 events):
No events

Deoptimization events (0 events):
No events

Internal exceptions (6 events):
Event: 0.039 Thread 0x00007fc119802000 Exception <a 'java/lang/NoSuchMethodError': Method sun.misc.Unsafe.defineClass(Ljava/lang/String;[BII)Ljava/lang/Class; name or signature does not match> (0x000000076ab12db0) thrown at [/Users/java_re/workspace/8-2-build-macosx-x86_64/jdk8u51/3951/hotspot
Event: 0.039 Thread 0x00007fc119802000 Exception <a 'java/lang/NoSuchMethodError': Method sun.misc.Unsafe.prefetchRead(Ljava/lang/Object;J)V name or signature does not match> (0x000000076ab13040) thrown at [/Users/java_re/workspace/8-2-build-macosx-x86_64/jdk8u51/3951/hotspot/src/share/vm/prim
Event: 0.251 Thread 0x00007fc119802000 Exception <a 'java/security/PrivilegedActionException'> (0x000000076abf5388) thrown at [/Users/java_re/workspace/8-2-build-macosx-x86_64/jdk8u51/3951/hotspot/src/share/vm/prims/jvm.cpp, line 1382]
Event: 0.251 Thread 0x00007fc119802000 Exception <a 'java/security/PrivilegedActionException'> (0x000000076abf56d0) thrown at [/Users/java_re/workspace/8-2-build-macosx-x86_64/jdk8u51/3951/hotspot/src/share/vm/prims/jvm.cpp, line 1382]
Event: 0.251 Thread 0x00007fc119802000 Exception <a 'java/security/PrivilegedActionException'> (0x000000076abf8a50) thrown at [/Users/java_re/workspace/8-2-build-macosx-x86_64/jdk8u51/3951/hotspot/src/share/vm/prims/jvm.cpp, line 1382]
Event: 0.251 Thread 0x00007fc119802000 Exception <a 'java/security/PrivilegedActionException'> (0x000000076abf8d98) thrown at [/Users/java_re/workspace/8-2-build-macosx-x86_64/jdk8u51/3951/hotspot/src/share/vm/prims/jvm.cpp, line 1382]

Events (10 events):
Event: 115738.492 Executing VM operation: RedefineClasses
Event: 115738.493 Executing VM operation: RedefineClasses done
Event: 115858.895 Executing VM operation: RedefineClasses
Event: 115858.895 Executing VM operation: RedefineClasses done
Event: 115909.218 Executing VM operation: RedefineClasses
Event: 115909.218 Executing VM operation: RedefineClasses done
Event: 115973.518 Executing VM operation: RedefineClasses
Event: 115973.518 Executing VM operation: RedefineClasses done
Event: 126340.653 Executing VM operation: RedefineClasses
Event: 126340.654 Executing VM operation: RedefineClasses done


Dynamic libraries:
0x00000000066e8000 	/System/Library/Frameworks/Cocoa.framework/Versions/A/Cocoa
0x00000000066e8000 	/System/Library/Frameworks/Security.framework/Versions/A/Security
0x00000000066e8000 	/System/Library/Frameworks/ApplicationServices.framework/Versions/A/ApplicationServices
0x00000000066e8000 	/usr/lib/libz.1.dylib
0x00000000066e8000 	/usr/lib/libSystem.B.dylib
0x00000000066e8000 	/usr/lib/libobjc.A.dylib
0x00000000066e8000 	/System/Library/Frameworks/CoreFoundation.framework/Versions/A/CoreFoundation
0x00000000066e8000 	/System/Library/Frameworks/Foundation.framework/Versions/C/Foundation
0x00000000066e8000 	/System/Library/Frameworks/AppKit.framework/Versions/C/AppKit
0x00000000066e8000 	/System/Library/Frameworks/CoreData.framework/Versions/A/CoreData
0x00000000066e8000 	/System/Library/PrivateFrameworks/RemoteViewServices.framework/Versions/A/RemoteViewServices
0x00000000066e8000 	/System/Library/PrivateFrameworks/UIFoundation.framework/Versions/A/UIFoundation
0x00000000066e8000 	/usr/lib/libScreenReader.dylib
0x00000000066e8000 	/System/Library/Frameworks/Accelerate.framework/Versions/A/Accelerate
0x00000000066e8000 	/System/Library/Frameworks/IOSurface.framework/Versions/A/IOSurface
0x00000000066e8000 	/System/Library/Frameworks/AudioToolbox.framework/Versions/A/AudioToolbox
0x00000000066e8000 	/System/Library/Frameworks/AudioUnit.framework/Versions/A/AudioUnit
0x00000000066e8000 	/System/Library/PrivateFrameworks/DataDetectorsCore.framework/Versions/A/DataDetectorsCore
0x00000000066e8000 	/System/Library/PrivateFrameworks/DesktopServicesPriv.framework/Versions/A/DesktopServicesPriv
0x00000000066e8000 	/System/Library/Frameworks/Carbon.framework/Versions/A/Frameworks/HIToolbox.framework/Versions/A/HIToolbox
0x00000000066e8000 	/System/Library/Frameworks/QuartzCore.framework/Versions/A/QuartzCore
0x00000000066e8000 	/System/Library/Frameworks/Carbon.framework/Versions/A/Frameworks/SpeechRecognition.framework/Versions/A/SpeechRecognition
0x00000000066e8000 	/usr/lib/libauto.dylib
0x00000000066e8000 	/usr/lib/libicucore.A.dylib
0x00000000066e8000 	/usr/lib/libxml2.2.dylib
0x00000000066e8000 	/System/Library/PrivateFrameworks/CoreUI.framework/Versions/A/CoreUI
0x00000000066e8000 	/System/Library/Frameworks/CoreAudio.framework/Versions/A/CoreAudio
0x00000000066e8000 	/System/Library/Frameworks/DiskArbitration.framework/Versions/A/DiskArbitration
0x00000000066e8000 	/usr/lib/liblangid.dylib
0x00000000066e8000 	/System/Library/PrivateFrameworks/MultitouchSupport.framework/Versions/A/MultitouchSupport
0x00000000066e8000 	/System/Library/Frameworks/IOKit.framework/Versions/A/IOKit
0x00000000066e8000 	/usr/lib/libDiagnosticMessagesClient.dylib
0x00000000066e8000 	/System/Library/Frameworks/CoreServices.framework/Versions/A/CoreServices
0x00000000066e8000 	/System/Library/PrivateFrameworks/PerformanceAnalysis.framework/Versions/A/PerformanceAnalysis
0x00000000066e8000 	/System/Library/PrivateFrameworks/GenerationalStorage.framework/Versions/A/GenerationalStorage
0x00000000066e8000 	/System/Library/Frameworks/OpenGL.framework/Versions/A/OpenGL
0x00000000066e8000 	/System/Library/PrivateFrameworks/Sharing.framework/Versions/A/Sharing
0x00000000066e8000 	/System/Library/Frameworks/CoreGraphics.framework/Versions/A/CoreGraphics
0x00000000066e8000 	/System/Library/Frameworks/CoreImage.framework/Versions/A/CoreImage
0x00000000066e8000 	/System/Library/Frameworks/CoreText.framework/Versions/A/CoreText
0x00000000066e8000 	/System/Library/Frameworks/ImageIO.framework/Versions/A/ImageIO
0x00000000066e8000 	/System/Library/PrivateFrameworks/Backup.framework/Versions/A/Backup
0x00000000066e8000 	/usr/lib/libextension.dylib
0x00000000066e8000 	/usr/lib/libarchive.2.dylib
0x00000000066e8000 	/System/Library/Frameworks/CFNetwork.framework/Versions/A/CFNetwork
0x00000000066e8000 	/System/Library/Frameworks/SystemConfiguration.framework/Versions/A/SystemConfiguration
0x00000000066e8000 	/usr/lib/libCRFSuite.dylib
0x00000000066e8000 	/usr/lib/libc++.1.dylib
0x00000000066e8000 	/usr/lib/libc++abi.dylib
0x00000000066e8000 	/usr/lib/system/libcache.dylib
0x00000000066e8000 	/usr/lib/system/libcommonCrypto.dylib
0x00000000066e8000 	/usr/lib/system/libcompiler_rt.dylib
0x00000000066e8000 	/usr/lib/system/libcopyfile.dylib
0x00000000066e8000 	/usr/lib/system/libcorecrypto.dylib
0x00000000066e8000 	/usr/lib/system/libdispatch.dylib
0x00000000066e8000 	/usr/lib/system/libdyld.dylib
0x00000000066e8000 	/usr/lib/system/libkeymgr.dylib
0x00000000066e8000 	/usr/lib/system/liblaunch.dylib
0x00000000066e8000 	/usr/lib/system/libmacho.dylib
0x00000000066e8000 	/usr/lib/system/libquarantine.dylib
0x00000000066e8000 	/usr/lib/system/libremovefile.dylib
0x00000000066e8000 	/usr/lib/system/libsystem_asl.dylib
0x00000000066e8000 	/usr/lib/system/libsystem_blocks.dylib
0x00000000066e8000 	/usr/lib/system/libsystem_c.dylib
0x00000000066e8000 	/usr/lib/system/libsystem_configuration.dylib
0x00000000066e8000 	/usr/lib/system/libsystem_coreservices.dylib
0x00000000066e8000 	/usr/lib/system/libsystem_coretls.dylib
0x00000000066e8000 	/usr/lib/system/libsystem_dnssd.dylib
0x00000000066e8000 	/usr/lib/system/libsystem_info.dylib
0x00000000066e8000 	/usr/lib/system/libsystem_kernel.dylib
0x00000000066e8000 	/usr/lib/system/libsystem_m.dylib
0x00000000066e8000 	/usr/lib/system/libsystem_malloc.dylib
0x00000000066e8000 	/usr/lib/system/libsystem_network.dylib
0x00000000066e8000 	/usr/lib/system/libsystem_networkextension.dylib
0x00000000066e8000 	/usr/lib/system/libsystem_notify.dylib
0x00000000066e8000 	/usr/lib/system/libsystem_platform.dylib
0x00000000066e8000 	/usr/lib/system/libsystem_pthread.dylib
0x00000000066e8000 	/usr/lib/system/libsystem_sandbox.dylib
0x00000000066e8000 	/usr/lib/system/libsystem_secinit.dylib
0x00000000066e8000 	/usr/lib/system/libsystem_trace.dylib
0x00000000066e8000 	/usr/lib/system/libunc.dylib
0x00000000066e8000 	/usr/lib/system/libunwind.dylib
0x00000000066e8000 	/usr/lib/system/libxpc.dylib
0x00000000066e8000 	/usr/lib/libenergytrace.dylib
0x00000000066e8000 	/usr/lib/libbsm.0.dylib
0x00000000066e8000 	/usr/lib/system/libkxld.dylib
0x00000000066e8000 	/usr/lib/libxar.1.dylib
0x00000000066e8000 	/usr/lib/libsqlite3.dylib
0x00000000066e8000 	/usr/lib/libpam.2.dylib
0x00000000066e8000 	/usr/lib/libOpenScriptingUtil.dylib
0x00000000066e8000 	/usr/lib/libbz2.1.0.dylib
0x00000000066e8000 	/usr/lib/liblzma.5.dylib
0x00000000066e8000 	/System/Library/Frameworks/CoreServices.framework/Versions/A/Frameworks/FSEvents.framework/Versions/A/FSEvents
0x00000000066e8000 	/System/Library/Frameworks/CoreServices.framework/Versions/A/Frameworks/CarbonCore.framework/Versions/A/CarbonCore
0x00000000066e8000 	/System/Library/Frameworks/CoreServices.framework/Versions/A/Frameworks/Metadata.framework/Versions/A/Metadata
0x00000000066e8000 	/System/Library/Frameworks/CoreServices.framework/Versions/A/Frameworks/OSServices.framework/Versions/A/OSServices
0x00000000066e8000 	/System/Library/Frameworks/CoreServices.framework/Versions/A/Frameworks/SearchKit.framework/Versions/A/SearchKit
0x00000000066e8000 	/System/Library/Frameworks/CoreServices.framework/Versions/A/Frameworks/AE.framework/Versions/A/AE
0x00000000066e8000 	/System/Library/Frameworks/CoreServices.framework/Versions/A/Frameworks/LaunchServices.framework/Versions/A/LaunchServices
0x00000000066e8000 	/System/Library/Frameworks/CoreServices.framework/Versions/A/Frameworks/DictionaryServices.framework/Versions/A/DictionaryServices
0x00000000066e8000 	/System/Library/Frameworks/CoreServices.framework/Versions/A/Frameworks/SharedFileList.framework/Versions/A/SharedFileList
0x00000000066e8000 	/System/Library/Frameworks/NetFS.framework/Versions/A/NetFS
0x00000000066e8000 	/System/Library/PrivateFrameworks/NetAuth.framework/Versions/A/NetAuth
0x00000000066e8000 	/System/Library/PrivateFrameworks/login.framework/Versions/A/Frameworks/loginsupport.framework/Versions/A/loginsupport
0x00000000066e8000 	/System/Library/PrivateFrameworks/TCC.framework/Versions/A/TCC
0x00000000066e8000 	/usr/lib/libmecabra.dylib
0x00000000066e8000 	/System/Library/Frameworks/ApplicationServices.framework/Versions/A/Frameworks/ATS.framework/Versions/A/ATS
0x00000000066e8000 	/System/Library/Frameworks/ApplicationServices.framework/Versions/A/Frameworks/ColorSync.framework/Versions/A/ColorSync
0x00000000066e8000 	/System/Library/Frameworks/ApplicationServices.framework/Versions/A/Frameworks/HIServices.framework/Versions/A/HIServices
0x00000000066e8000 	/System/Library/Frameworks/ApplicationServices.framework/Versions/A/Frameworks/LangAnalysis.framework/Versions/A/LangAnalysis
0x00000000066e8000 	/System/Library/Frameworks/ApplicationServices.framework/Versions/A/Frameworks/PrintCore.framework/Versions/A/PrintCore
0x00000000066e8000 	/System/Library/Frameworks/ApplicationServices.framework/Versions/A/Frameworks/QD.framework/Versions/A/QD
0x00000000066e8000 	/System/Library/Frameworks/ApplicationServices.framework/Versions/A/Frameworks/SpeechSynthesis.framework/Versions/A/SpeechSynthesis
0x00000000066e8000 	/System/Library/Frameworks/Metal.framework/Versions/A/Metal
0x00000000066e8000 	/System/Library/Frameworks/Accelerate.framework/Versions/A/Frameworks/vImage.framework/Versions/A/vImage
0x00000000066e8000 	/System/Library/Frameworks/Accelerate.framework/Versions/A/Frameworks/vecLib.framework/Versions/A/vecLib
0x00000000066e8000 	/System/Library/Frameworks/Accelerate.framework/Versions/A/Frameworks/vecLib.framework/Versions/A/libvDSP.dylib
0x00000000066e8000 	/System/Library/Frameworks/Accelerate.framework/Versions/A/Frameworks/vecLib.framework/Versions/A/libvMisc.dylib
0x00000000066e8000 	/System/Library/Frameworks/Accelerate.framework/Versions/A/Frameworks/vecLib.framework/Versions/A/libLAPACK.dylib
0x00000000066e8000 	/System/Library/Frameworks/Accelerate.framework/Versions/A/Frameworks/vecLib.framework/Versions/A/libBLAS.dylib
0x00000000066e8000 	/System/Library/Frameworks/Accelerate.framework/Versions/A/Frameworks/vecLib.framework/Versions/A/libLinearAlgebra.dylib
0x00000000066e8000 	/System/Library/Frameworks/Accelerate.framework/Versions/A/Frameworks/vecLib.framework/Versions/A/libSparseBLAS.dylib
0x00000000066e8000 	/System/Library/PrivateFrameworks/GPUCompiler.framework/libmetal_timestamp.dylib
0x00000000066e8000 	/System/Library/Frameworks/OpenGL.framework/Versions/A/Libraries/libCoreFSCache.dylib
0x00000000066e8000 	/System/Library/PrivateFrameworks/IOAccelerator.framework/Versions/A/IOAccelerator
0x00000000066e8000 	/System/Library/Frameworks/ApplicationServices.framework/Versions/A/Frameworks/ATS.framework/Versions/A/Resources/libFontParser.dylib
0x00000000066e8000 	/System/Library/Frameworks/ApplicationServices.framework/Versions/A/Frameworks/ATS.framework/Versions/A/Resources/libFontRegistry.dylib
0x00000000066e8000 	/System/Library/PrivateFrameworks/AppleVPA.framework/Versions/A/AppleVPA
0x00000000066e8000 	/System/Library/PrivateFrameworks/AppleJPEG.framework/Versions/A/AppleJPEG
0x00000000066e8000 	/System/Library/Frameworks/ImageIO.framework/Versions/A/Resources/libJPEG.dylib
0x00000000066e8000 	/System/Library/Frameworks/ImageIO.framework/Versions/A/Resources/libTIFF.dylib
0x00000000066e8000 	/System/Library/Frameworks/ImageIO.framework/Versions/A/Resources/libPng.dylib
0x00000000066e8000 	/System/Library/Frameworks/ImageIO.framework/Versions/A/Resources/libGIF.dylib
0x00000000066e8000 	/System/Library/Frameworks/ImageIO.framework/Versions/A/Resources/libJP2.dylib
0x00000000066e8000 	/System/Library/Frameworks/ImageIO.framework/Versions/A/Resources/libRadiance.dylib
0x00000000066e8000 	/System/Library/Frameworks/CoreVideo.framework/Versions/A/CoreVideo
0x00000000066e8000 	/System/Library/Frameworks/OpenGL.framework/Versions/A/Libraries/libGLU.dylib
0x00000000066e8000 	/System/Library/Frameworks/OpenGL.framework/Versions/A/Libraries/libGFXShared.dylib
0x00000000066e8000 	/System/Library/Frameworks/OpenGL.framework/Versions/A/Libraries/libGL.dylib
0x00000000066e8000 	/System/Library/Frameworks/OpenGL.framework/Versions/A/Libraries/libGLImage.dylib
0x00000000066e8000 	/System/Library/Frameworks/OpenGL.framework/Versions/A/Libraries/libCVMSPluginSupport.dylib
0x00000000066e8000 	/System/Library/Frameworks/OpenGL.framework/Versions/A/Libraries/libCoreVMClient.dylib
0x00000000066e8000 	/usr/lib/libcups.2.dylib
0x00000000066e8000 	/System/Library/Frameworks/Kerberos.framework/Versions/A/Kerberos
0x00000000066e8000 	/System/Library/Frameworks/GSS.framework/Versions/A/GSS
0x00000000066e8000 	/usr/lib/libresolv.9.dylib
0x00000000066e8000 	/usr/lib/libiconv.2.dylib
0x00000000066e8000 	/System/Library/PrivateFrameworks/Heimdal.framework/Versions/A/Heimdal
0x00000000066e8000 	/usr/lib/libheimdal-asn1.dylib
0x00000000066e8000 	/System/Library/Frameworks/OpenDirectory.framework/Versions/A/OpenDirectory
0x00000000066e8000 	/System/Library/PrivateFrameworks/CommonAuth.framework/Versions/A/CommonAuth
0x00000000066e8000 	/System/Library/Frameworks/OpenDirectory.framework/Versions/A/Frameworks/CFOpenDirectory.framework/Versions/A/CFOpenDirectory
0x00000000066e8000 	/System/Library/Frameworks/SecurityFoundation.framework/Versions/A/SecurityFoundation
0x00000000066e8000 	/System/Library/PrivateFrameworks/LanguageModeling.framework/Versions/A/LanguageModeling
0x00000000066e8000 	/usr/lib/libmarisa.dylib
0x00000000066e8000 	/usr/lib/libChineseTokenizer.dylib
0x00000000066e8000 	/usr/lib/libcmph.dylib
0x00000000066e8000 	/usr/lib/libcompression.dylib
0x00000000066e8000 	/System/Library/Frameworks/ServiceManagement.framework/Versions/A/ServiceManagement
0x00000000066e8000 	/usr/lib/libxslt.1.dylib
0x00000000066e8000 	/System/Library/Frameworks/Carbon.framework/Versions/A/Frameworks/Ink.framework/Versions/A/Ink
0x00000000066e8000 	/usr/lib/libFosl_dynamic.dylib
0x00000000066e8000 	/System/Library/PrivateFrameworks/FaceCore.framework/Versions/A/FaceCore
0x00000000066e8000 	/System/Library/Frameworks/OpenCL.framework/Versions/A/OpenCL
0x00000000066e8000 	/System/Library/PrivateFrameworks/CrashReporterSupport.framework/Versions/A/CrashReporterSupport
0x00000000066e8000 	/System/Library/PrivateFrameworks/IconServices.framework/Versions/A/IconServices
0x00000000066e8000 	/System/Library/PrivateFrameworks/Apple80211.framework/Versions/A/Apple80211
0x00000000066e8000 	/System/Library/Frameworks/CoreWLAN.framework/Versions/A/CoreWLAN
0x00000000066e8000 	/System/Library/Frameworks/IOBluetooth.framework/Versions/A/IOBluetooth
0x00000000066e8000 	/System/Library/PrivateFrameworks/CoreWiFi.framework/Versions/A/CoreWiFi
0x00000000066e8000 	/System/Library/Frameworks/CoreBluetooth.framework/Versions/A/CoreBluetooth
0x00000000066e8000 	/System/Library/PrivateFrameworks/ChunkingLibrary.framework/Versions/A/ChunkingLibrary
0x00000000066e8000 	/System/Library/PrivateFrameworks/DebugSymbols.framework/Versions/A/DebugSymbols
0x00000000066e8000 	/System/Library/PrivateFrameworks/CoreSymbolication.framework/Versions/A/CoreSymbolication
0x00000000066e8000 	/System/Library/PrivateFrameworks/Symbolication.framework/Versions/A/Symbolication
0x00000000066e8000 	/System/Library/PrivateFrameworks/SpeechRecognitionCore.framework/Versions/A/SpeechRecognitionCore
0x00000001087d1000 	/Library/Java/JavaVirtualMachines/jdk1.8.0_51.jdk/Contents/Home/jre/lib/server/libjvm.dylib
0x00000000066e8000 	/usr/lib/libstdc++.6.dylib
0x000000010973e000 	/Library/Java/JavaVirtualMachines/jdk1.8.0_51.jdk/Contents/Home/jre/lib/libverify.dylib
0x000000010974c000 	/Library/Java/JavaVirtualMachines/jdk1.8.0_51.jdk/Contents/Home/jre/lib/libjava.dylib
0x0000000109782000 	/Library/Java/JavaVirtualMachines/jdk1.8.0_51.jdk/Contents/Home/jre/lib/libjdwp.dylib
0x00000001097cd000 	/Library/Java/JavaVirtualMachines/jdk1.8.0_51.jdk/Contents/Home/jre/lib/libnpt.dylib
0x00000001097da000 	/Library/Java/JavaVirtualMachines/jdk1.8.0_51.jdk/Contents/Home/jre/lib/libzip.dylib
0x00000001097e4000 	/System/Library/Frameworks/JavaVM.framework/Frameworks/JavaRuntimeSupport.framework/JavaRuntimeSupport
0x00000001258b6000 	/System/Library/Frameworks/JavaVM.framework/Versions/A/Frameworks/JavaNativeFoundation.framework/Versions/A/JavaNativeFoundation
0x00000001258cb000 	/System/Library/Frameworks/JavaVM.framework/Versions/A/JavaVM
0x00000000066e8000 	/System/Library/Frameworks/Carbon.framework/Versions/A/Carbon
0x00000001258d8000 	/System/Library/PrivateFrameworks/JavaLaunching.framework/Versions/A/JavaLaunching
0x00000000066e8000 	/System/Library/Frameworks/Carbon.framework/Versions/A/Frameworks/CommonPanels.framework/Versions/A/CommonPanels
0x00000000066e8000 	/System/Library/Frameworks/Carbon.framework/Versions/A/Frameworks/Help.framework/Versions/A/Help
0x00000000066e8000 	/System/Library/Frameworks/Carbon.framework/Versions/A/Frameworks/ImageCapture.framework/Versions/A/ImageCapture
0x00000000066e8000 	/System/Library/Frameworks/Carbon.framework/Versions/A/Frameworks/OpenScripting.framework/Versions/A/OpenScripting
0x00000000066e8000 	/System/Library/Frameworks/Carbon.framework/Versions/A/Frameworks/Print.framework/Versions/A/Print
0x00000000066e8000 	/System/Library/Frameworks/Carbon.framework/Versions/A/Frameworks/SecurityHI.framework/Versions/A/SecurityHI
0x00000001271fa000 	/Library/Java/JavaVirtualMachines/jdk1.8.0_51.jdk/Contents/Home/jre/lib/libdt_socket.dylib

VM Arguments:
jvm_args: -agentlib:jdwp=transport=dt_socket,address=127.0.0.1:62341,suspend=y,server=n -Dfile.encoding=UTF-8 
java_command: opt.test.YeastTest
java_class_path (initial): /Users/Jimmy/school/cs6300/android-sdk-macosx/platforms/android-21/android.jar:/Users/Jimmy/school/cs6300/android-sdk-macosx/platforms/android-21/data/res:/Users/Jimmy/school/cs7641/ABAGAIL/out/production/ABAGAIL:/Applications/IntelliJ IDEA 14.app/Contents/lib/idea_rt.jar
Launcher Type: SUN_STANDARD

Environment Variables:
PATH=/usr/local/bin:/usr/bin:/bin:/usr/sbin:/sbin
SHELL=/bin/bash

Signal Handlers:
SIGSEGV: [libjvm.dylib+0x58ef35], sa_mask[0]=11111111011111110111111111111111, sa_flags=SA_ONSTACK|SA_RESTART|SA_SIGINFO
SIGBUS: [libjvm.dylib+0x58ef35], sa_mask[0]=11111111011111110111111111111111, sa_flags=SA_RESTART|SA_SIGINFO
SIGFPE: [libjvm.dylib+0x46c028], sa_mask[0]=11111111011111110111111111111111, sa_flags=SA_RESTART|SA_SIGINFO
SIGPIPE: [libjvm.dylib+0x46c028], sa_mask[0]=11111111011111110111111111111111, sa_flags=SA_RESTART|SA_SIGINFO
SIGXFSZ: [libjvm.dylib+0x46c028], sa_mask[0]=11111111011111110111111111111111, sa_flags=SA_RESTART|SA_SIGINFO
SIGILL: [libjvm.dylib+0x46c028], sa_mask[0]=11111111011111110111111111111111, sa_flags=SA_RESTART|SA_SIGINFO
SIGUSR1: SIG_DFL, sa_mask[0]=00000000000000000000000000000000, sa_flags=none
SIGUSR2: [libjvm.dylib+0x46bb46], sa_mask[0]=00100000000000000000000000000000, sa_flags=SA_RESTART|SA_SIGINFO
SIGHUP: [libjvm.dylib+0x46a119], sa_mask[0]=11111111011111110111111111111111, sa_flags=SA_RESTART|SA_SIGINFO
SIGINT: [libjvm.dylib+0x46a119], sa_mask[0]=11111111011111110111111111111111, sa_flags=SA_RESTART|SA_SIGINFO
SIGTERM: [libjvm.dylib+0x46a119], sa_mask[0]=11111111011111110111111111111111, sa_flags=SA_RESTART|SA_SIGINFO
SIGQUIT: [libjvm.dylib+0x46a119], sa_mask[0]=11111111011111110111111111111111, sa_flags=SA_RESTART|SA_SIGINFO


---------------  S Y S T E M  ---------------

OS:Bsduname:Darwin 15.4.0 Darwin Kernel Version 15.4.0: Fri Feb 26 21:17:08 PST 2016; root:xnu-3248.40.184~2/RELEASE_X86_64 x86_64
rlimit: STACK 8192k, CORE 0k, NPROC 709, NOFILE 10240, AS infinity
load average:1.61 1.60 1.65

CPU:total 8 (4 cores per cpu, 2 threads per core) family 6 model 70 stepping 1, cmov, cx8, fxsr, mmx, sse, sse2, sse3, ssse3, sse4.1, sse4.2, popcnt, avx, avx2, aes, clmul, erms, lzcnt, ht, tsc, tscinvbit, bmi1, bmi2

Memory: 4k page, physical 16777216k(3944620k free)

/proc/meminfo:


vm_info: Java HotSpot(TM) 64-Bit Server VM (25.51-b03) for bsd-amd64 JRE (1.8.0_51-b16), built on Jun  8 2015 18:01:11 by "java_re" with gcc 4.2.1 (Based on Apple Inc. build 5658) (LLVM build 2336.11.00)

time: Mon Mar  7 22:42:47 2016
elapsed time: 126340 seconds (1d 11h 5m 40s)

